Array
(
    [REDIRECT_MIBDIRS] => C:/xampp/php/extras/mibs
    [REDIRECT_MYSQL_HOME] => \xampp\mysql\bin
    [REDIRECT_OPENSSL_CONF] => C:/xampp/apache/bin/openssl.cnf
    [REDIRECT_PHP_PEAR_SYSCONF_DIR] => \xampp\php
    [REDIRECT_PHPRC] => \xampp\php
    [REDIRECT_TMP] => \xampp\tmp
    [REDIRECT_STATUS] => 200
    [MIBDIRS] => C:/xampp/php/extras/mibs
    [MYSQL_HOME] => \xampp\mysql\bin
    [OPENSSL_CONF] => C:/xampp/apache/bin/openssl.cnf
    [PHP_PEAR_SYSCONF_DIR] => \xampp\php
    [PHPRC] => \xampp\php
    [TMP] => \xampp\tmp
    [HTTP_HOST] => test.perumenu.dev
    [HTTP_CONNECTION] => keep-alive
    [HTTP_CACHE_CONTROL] => max-age=0
    [HTTP_ACCEPT] => image/webp,*/*;q=0.8
    [HTTP_USER_AGENT] => Mozilla/5.0 (iPhone; CPU iPhone OS 7_0 like Mac OS X; en-us) AppleWebKit/537.51.1 (KHTML, like Gecko) Version/7.0 Mobile/11A465 Safari/9537.53
    [HTTP_REFERER] => http://test.perumenu.dev/index.php
    [HTTP_ACCEPT_ENCODING] => gzip,deflate,sdch
    [HTTP_ACCEPT_LANGUAGE] => es-ES,es;q=0.8
    [HTTP_COOKIE] => __utma=104130565.270061706.1402293878.1404955820.1404966134.5; __utmb=104130565.111.10.1404966134; __utmc=104130565; __utmz=104130565.1402293878.1.1.utmcsr=(direct)|utmccn=(direct)|utmcmd=(none)
    [PATH] => C:\Program Files (x86)\Intel\iCLS Client\;C:\Program Files\Intel\iCLS Client\;C:\WINDOWS\system32;C:\WINDOWS;C:\WINDOWS\System32\Wbem;C:\WINDOWS\System32\WindowsPowerShell\v1.0\;C:\Program Files (x86)\Intel\OpenCL SDK\3.0\bin\x86;C:\Program Files (x86)\Intel\OpenCL SDK\3.0\bin\x64;C:\Program Files\Intel\Intel(R) Management Engine Components\DAL;C:\Program Files\Intel\Intel(R) Management Engine Components\IPT;C:\Program Files (x86)\Intel\Intel(R) Management Engine Components\DAL;C:\Program Files (x86)\Intel\Intel(R) Management Engine Components\IPT;C:\ProgramData\Lenovo\ReadyApps;C:\Program Files\OpenVPN\bin
    [SystemRoot] => C:\WINDOWS
    [COMSPEC] => C:\WINDOWS\system32\cmd.exe
    [PATHEXT] => .COM;.EXE;.BAT;.CMD;.VBS;.VBE;.JS;.JSE;.WSF;.WSH;.MSC
    [WINDIR] => C:\WINDOWS
    [SERVER_SIGNATURE] => <address>Apache/2.2.21 (Win32) mod_ssl/2.2.21 OpenSSL/1.0.0e PHP/5.3.8 mod_perl/2.0.4 Perl/v5.10.1 Server at test.perumenu.dev Port 80</address>

    [SERVER_SOFTWARE] => Apache/2.2.21 (Win32) mod_ssl/2.2.21 OpenSSL/1.0.0e PHP/5.3.8 mod_perl/2.0.4 Perl/v5.10.1
    [SERVER_NAME] => test.perumenu.dev
    [SERVER_ADDR] => 127.0.0.1
    [SERVER_PORT] => 80
    [REMOTE_ADDR] => 127.0.0.1
    [DOCUMENT_ROOT] => C:/xampp/htdocs/mesamenu
    [SERVER_ADMIN] => postmaster@localhost
    [SCRIPT_FILENAME] => C:/xampp/htdocs/mesamenu/product.php
    [REMOTE_PORT] => 63907
    [REDIRECT_QUERY_STRING] => carga=1&op=images&op1=dishes&op2=Carnal-ColadeLangostadelCaribe1
    [REDIRECT_URL] => /images/dishes/Carnal-ColadeLangostadelCaribe1/2Kilo
    [GATEWAY_INTERFACE] => CGI/1.1
    [SERVER_PROTOCOL] => HTTP/1.1
    [REQUEST_METHOD] => GET
    [QUERY_STRING] => carga=1&op=images&op1=dishes&op2=Carnal-ColadeLangostadelCaribe1
    [REQUEST_URI] => /images/dishes/Carnal-ColadeLangostadelCaribe1/2Kilo
    [SCRIPT_NAME] => /product.php
    [PHP_SELF] => /product.php
    [REQUEST_TIME] => 1404971821
)
